0 info it worked if it ends with ok
1 verbose cli [ '/usr/local/bin/node',
1 verbose cli   '/usr/local/bin/npm',
1 verbose cli   'install',
1 verbose cli   'sleep' ]
2 info using npm@2.14.12
3 info using node@v4.3.1
4 verbose install initial load of /Users/charlie_moder/Documents/2016-Spring/cs132/SpyWords/package.json
5 warn package.json SpyWords@0.0.1 No repository field.
6 warn package.json SpyWords@0.0.1 No license field.
7 verbose installManyTop reading scoped package data from /Users/charlie_moder/Documents/2016-Spring/cs132/SpyWords/node_modules/any-db/package.json
8 verbose installManyTop reading scoped package data from /Users/charlie_moder/Documents/2016-Spring/cs132/SpyWords/node_modules/body-parser/package.json
9 verbose installManyTop reading scoped package data from /Users/charlie_moder/Documents/2016-Spring/cs132/SpyWords/node_modules/consolidate/package.json
10 verbose installManyTop reading scoped package data from /Users/charlie_moder/Documents/2016-Spring/cs132/SpyWords/node_modules/express/package.json
11 verbose installManyTop reading scoped package data from /Users/charlie_moder/Documents/2016-Spring/cs132/SpyWords/node_modules/hogan.js/package.json
12 verbose installManyTop reading scoped package data from /Users/charlie_moder/Documents/2016-Spring/cs132/SpyWords/node_modules/mongoose/package.json
13 verbose installManyTop reading scoped package data from /Users/charlie_moder/Documents/2016-Spring/cs132/SpyWords/node_modules/socket.io/package.json
14 verbose installManyTop reading scoped package data from /Users/charlie_moder/Documents/2016-Spring/cs132/SpyWords/node_modules/suspend/package.json
15 verbose installManyTop reading scoped package data from /Users/charlie_moder/Documents/2016-Spring/cs132/SpyWords/node_modules/wait.for/package.json
16 verbose installManyTop reading scoped package data from /Users/charlie_moder/Documents/2016-Spring/cs132/SpyWords/node_modules/xmlhttprequest/package.json
17 info package.json any-db@0.3.6 license should be a valid SPDX license expression
18 info package.json express@3.0.6 No license field.
19 info package.json hogan.js@3.0.2 No license field.
20 info package.json wait.for@0.6.6 license should be a valid SPDX license expression
21 verbose readDependencies loading dependencies from /Users/charlie_moder/Documents/2016-Spring/cs132/SpyWords/package.json
22 silly cache add args [ 'sleep', null ]
23 verbose cache add spec sleep
24 silly cache add parsed spec Result {
24 silly cache add   raw: 'sleep',
24 silly cache add   scope: null,
24 silly cache add   name: 'sleep',
24 silly cache add   rawSpec: '',
24 silly cache add   spec: 'latest',
24 silly cache add   type: 'tag' }
25 silly addNamed sleep@latest
26 verbose addNamed "latest" is being treated as a dist-tag for sleep
27 info addNameTag [ 'sleep', 'latest' ]
28 silly mapToRegistry name sleep
29 silly mapToRegistry using default registry
30 silly mapToRegistry registry https://registry.npmjs.org/
31 silly mapToRegistry uri https://registry.npmjs.org/sleep
32 verbose addNameTag registry:https://registry.npmjs.org/sleep not in flight; fetching
33 verbose request uri https://registry.npmjs.org/sleep
34 verbose request no auth needed
35 info attempt registry request try #1 at 1:11:12 PM
36 verbose request id d24bd2113046c6de
37 verbose etag "3X5XBUQ41K8N8E9GYF9XEL9C5"
38 http request GET https://registry.npmjs.org/sleep
39 http 304 https://registry.npmjs.org/sleep
40 verbose headers { date: 'Tue, 26 Apr 2016 17:11:11 GMT',
40 verbose headers   via: '1.1 varnish',
40 verbose headers   'cache-control': 'max-age=300',
40 verbose headers   etag: '"3X5XBUQ41K8N8E9GYF9XEL9C5"',
40 verbose headers   age: '296',
40 verbose headers   connection: 'keep-alive',
40 verbose headers   'x-served-by': 'cache-jfk1039-JFK',
40 verbose headers   'x-cache': 'HIT',
40 verbose headers   'x-cache-hits': '1',
40 verbose headers   'x-timer': 'S1461690671.294347,VS0,VE0',
40 verbose headers   vary: 'Accept-Encoding' }
41 silly get cb [ 304,
41 silly get   { date: 'Tue, 26 Apr 2016 17:11:11 GMT',
41 silly get     via: '1.1 varnish',
41 silly get     'cache-control': 'max-age=300',
41 silly get     etag: '"3X5XBUQ41K8N8E9GYF9XEL9C5"',
41 silly get     age: '296',
41 silly get     connection: 'keep-alive',
41 silly get     'x-served-by': 'cache-jfk1039-JFK',
41 silly get     'x-cache': 'HIT',
41 silly get     'x-cache-hits': '1',
41 silly get     'x-timer': 'S1461690671.294347,VS0,VE0',
41 silly get     vary: 'Accept-Encoding' } ]
42 verbose etag https://registry.npmjs.org/sleep from cache
43 verbose get saving sleep to /Users/charlie_moder/.npm/registry.npmjs.org/sleep/.cache.json
44 silly addNameTag next cb for sleep with tag latest
45 silly addNamed sleep@3.0.1
46 verbose addNamed "3.0.1" is a plain semver version for sleep
47 silly cache afterAdd sleep@3.0.1
48 verbose afterAdd /Users/charlie_moder/.npm/sleep/3.0.1/package/package.json not in flight; writing
49 verbose afterAdd /Users/charlie_moder/.npm/sleep/3.0.1/package/package.json written
50 silly install resolved [ { name: 'sleep',
50 silly install resolved     version: '3.0.1',
50 silly install resolved     main: 'index.js',
50 silly install resolved     description: 'Add sleep() and usleep() to nodejs',
50 silly install resolved     homepage: 'http://github.com/ErikDubbelboer/node-sleep',
50 silly install resolved     author: { name: 'Erik Dubbelboer', email: 'erik@dubbelboer.com' },
50 silly install resolved     license: 'MIT',
50 silly install resolved     engines: { node: '>=0.4.0' },
50 silly install resolved     keywords: [ 'sleep', 'usleep' ],
50 silly install resolved     repository:
50 silly install resolved      { type: 'git',
50 silly install resolved        url: 'git+https://github.com/ErikDubbelboer/node-sleep.git' },
50 silly install resolved     dependencies: { nan: '>=2.0.0' },
50 silly install resolved     gypfile: true,
50 silly install resolved     scripts: { install: 'node-gyp rebuild' },
50 silly install resolved     gitHead: 'd4824c0466f893d0142c6715acd36c47bf87fac9',
50 silly install resolved     bugs: { url: 'https://github.com/ErikDubbelboer/node-sleep/issues' },
50 silly install resolved     _id: 'sleep@3.0.1',
50 silly install resolved     _shasum: 'be4d17c579360e07e04ed8172ba2b10a69054df3',
50 silly install resolved     _from: 'sleep@latest',
50 silly install resolved     _npmVersion: '2.14.12',
50 silly install resolved     _nodeVersion: '4.2.4',
50 silly install resolved     _npmUser: { name: 'erikdubbelboer', email: 'erik@dubbelboer.com' },
50 silly install resolved     maintainers: [ [Object] ],
50 silly install resolved     dist:
50 silly install resolved      { shasum: 'be4d17c579360e07e04ed8172ba2b10a69054df3',
50 silly install resolved        tarball: 'https://registry.npmjs.org/sleep/-/sleep-3.0.1.tgz' },
50 silly install resolved     _npmOperationalInternal:
50 silly install resolved      { host: 'packages-6-west.internal.npmjs.com',
50 silly install resolved        tmp: 'tmp/sleep-3.0.1.tgz_1454489151975_0.026494406163692474' },
50 silly install resolved     directories: {},
50 silly install resolved     _resolved: 'https://registry.npmjs.org/sleep/-/sleep-3.0.1.tgz',
50 silly install resolved     readme: 'ERROR: No README data found!' } ]
51 info install sleep@3.0.1 into /Users/charlie_moder/Documents/2016-Spring/cs132/SpyWords
52 info installOne sleep@3.0.1
53 verbose installOne of sleep to /Users/charlie_moder/Documents/2016-Spring/cs132/SpyWords not in flight; installing
54 verbose lock using /Users/charlie_moder/.npm/_locks/sleep-6871d3db931f15eb.lock for /Users/charlie_moder/Documents/2016-Spring/cs132/SpyWords/node_modules/sleep
55 silly install write writing sleep 3.0.1 to /Users/charlie_moder/Documents/2016-Spring/cs132/SpyWords/node_modules/sleep
56 verbose unbuild node_modules/sleep
57 silly gentlyRm /Users/charlie_moder/Documents/2016-Spring/cs132/SpyWords/node_modules/sleep is being purged from base /Users/charlie_moder/Documents/2016-Spring/cs132/SpyWords
58 verbose gentlyRm don't care about contents; nuking /Users/charlie_moder/Documents/2016-Spring/cs132/SpyWords/node_modules/sleep
59 verbose tar unpack /Users/charlie_moder/.npm/sleep/3.0.1/package.tgz
60 verbose tar unpacking to /Users/charlie_moder/Documents/2016-Spring/cs132/SpyWords/node_modules/sleep
61 silly gentlyRm /Users/charlie_moder/Documents/2016-Spring/cs132/SpyWords/node_modules/sleep is being purged
62 verbose gentlyRm don't care about contents; nuking /Users/charlie_moder/Documents/2016-Spring/cs132/SpyWords/node_modules/sleep
63 silly gunzTarPerm modes [ '755', '644' ]
64 silly gunzTarPerm extractEntry package.json
65 silly gunzTarPerm modified mode [ 'package.json', 436, 420 ]
66 silly gunzTarPerm extractEntry .npmignore
67 silly gunzTarPerm modified mode [ '.npmignore', 436, 420 ]
68 silly gunzTarPerm extractEntry README.md
69 silly gunzTarPerm modified mode [ 'README.md', 436, 420 ]
70 silly gunzTarPerm extractEntry index.js
71 silly gunzTarPerm modified mode [ 'index.js', 436, 420 ]
72 silly gunzTarPerm extractEntry test.js
73 silly gunzTarPerm modified mode [ 'test.js', 436, 420 ]
74 silly gunzTarPerm extractEntry LICENSE.txt
75 silly gunzTarPerm modified mode [ 'LICENSE.txt', 436, 420 ]
76 silly gunzTarPerm extractEntry binding.gyp
77 silly gunzTarPerm modified mode [ 'binding.gyp', 436, 420 ]
78 silly gunzTarPerm extractEntry sleep.cc
79 silly gunzTarPerm modified mode [ 'sleep.cc', 436, 420 ]
80 verbose write writing to /Users/charlie_moder/Documents/2016-Spring/cs132/SpyWords/node_modules/sleep/package.json
81 info preinstall sleep@3.0.1
82 verbose readDependencies loading dependencies from /Users/charlie_moder/Documents/2016-Spring/cs132/SpyWords/node_modules/sleep/package.json
83 silly prepareForInstallMany adding nan@>=2.0.0 from sleep dependencies
84 verbose readDependencies loading dependencies from /Users/charlie_moder/Documents/2016-Spring/cs132/SpyWords/node_modules/sleep/package.json
85 silly cache add args [ 'nan@>=2.0.0', null ]
86 verbose cache add spec nan@>=2.0.0
87 silly cache add parsed spec Result {
87 silly cache add   raw: 'nan@>=2.0.0',
87 silly cache add   scope: null,
87 silly cache add   name: 'nan',
87 silly cache add   rawSpec: '>=2.0.0',
87 silly cache add   spec: '>=2.0.0',
87 silly cache add   type: 'range' }
88 silly addNamed nan@>=2.0.0
89 verbose addNamed ">=2.0.0" is a valid semver range for nan
90 silly addNameRange { name: 'nan', range: '>=2.0.0', hasData: false }
91 silly mapToRegistry name nan
92 silly mapToRegistry using default registry
93 silly mapToRegistry registry https://registry.npmjs.org/
94 silly mapToRegistry uri https://registry.npmjs.org/nan
95 verbose addNameRange registry:https://registry.npmjs.org/nan not in flight; fetching
96 verbose request uri https://registry.npmjs.org/nan
97 verbose request no auth needed
98 info attempt registry request try #1 at 1:11:12 PM
99 verbose etag "BAF0CH6FX7ZGID84VMUQ15OTR"
100 http request GET https://registry.npmjs.org/nan
101 http 304 https://registry.npmjs.org/nan
102 verbose headers { date: 'Tue, 26 Apr 2016 17:11:11 GMT',
102 verbose headers   via: '1.1 varnish',
102 verbose headers   'cache-control': 'max-age=300',
102 verbose headers   etag: '"BAF0CH6FX7ZGID84VMUQ15OTR"',
102 verbose headers   age: '106',
102 verbose headers   connection: 'keep-alive',
102 verbose headers   'x-served-by': 'cache-jfk1042-JFK',
102 verbose headers   'x-cache': 'HIT',
102 verbose headers   'x-cache-hits': '7',
102 verbose headers   'x-timer': 'S1461690671.489571,VS0,VE0',
102 verbose headers   vary: 'Accept-Encoding' }
103 silly get cb [ 304,
103 silly get   { date: 'Tue, 26 Apr 2016 17:11:11 GMT',
103 silly get     via: '1.1 varnish',
103 silly get     'cache-control': 'max-age=300',
103 silly get     etag: '"BAF0CH6FX7ZGID84VMUQ15OTR"',
103 silly get     age: '106',
103 silly get     connection: 'keep-alive',
103 silly get     'x-served-by': 'cache-jfk1042-JFK',
103 silly get     'x-cache': 'HIT',
103 silly get     'x-cache-hits': '7',
103 silly get     'x-timer': 'S1461690671.489571,VS0,VE0',
103 silly get     vary: 'Accept-Encoding' } ]
104 verbose etag https://registry.npmjs.org/nan from cache
105 verbose get saving nan to /Users/charlie_moder/.npm/registry.npmjs.org/nan/.cache.json
106 silly addNameRange number 2 { name: 'nan', range: '>=2.0.0', hasData: true }
107 silly addNameRange versions [ 'nan',
107 silly addNameRange   [ '0.3.0-wip',
107 silly addNameRange     '0.3.0-wip2',
107 silly addNameRange     '0.3.0',
107 silly addNameRange     '0.3.1',
107 silly addNameRange     '0.3.2',
107 silly addNameRange     '0.4.0',
107 silly addNameRange     '0.4.1',
107 silly addNameRange     '0.4.2',
107 silly addNameRange     '0.4.3',
107 silly addNameRange     '0.4.4',
107 silly addNameRange     '0.5.0',
107 silly addNameRange     '0.5.1',
107 silly addNameRange     '0.5.2',
107 silly addNameRange     '0.6.0',
107 silly addNameRange     '0.7.0',
107 silly addNameRange     '0.7.1',
107 silly addNameRange     '0.8.0',
107 silly addNameRange     '1.0.0',
107 silly addNameRange     '1.1.0',
107 silly addNameRange     '1.1.1',
107 silly addNameRange     '1.1.2',
107 silly addNameRange     '1.2.0',
107 silly addNameRange     '1.3.0',
107 silly addNameRange     '1.4.0',
107 silly addNameRange     '1.4.1',
107 silly addNameRange     '1.5.0',
107 silly addNameRange     '1.4.2',
107 silly addNameRange     '1.4.3',
107 silly addNameRange     '1.5.1',
107 silly addNameRange     '1.5.2',
107 silly addNameRange     '1.6.0',
107 silly addNameRange     '1.5.3',
107 silly addNameRange     '1.6.1',
107 silly addNameRange     '1.6.2',
107 silly addNameRange     '1.7.0',
107 silly addNameRange     '1.8.0',
107 silly addNameRange     '1.8.1',
107 silly addNameRange     '1.8.2',
107 silly addNameRange     '1.8.3',
107 silly addNameRange     '1.8.4',
107 silly addNameRange     '1.9.0',
107 silly addNameRange     '2.0.0',
107 silly addNameRange     '2.0.1',
107 silly addNameRange     '2.0.2',
107 silly addNameRange     '2.0.3',
107 silly addNameRange     '2.0.4',
107 silly addNameRange     '2.0.5',
107 silly addNameRange     '2.0.6',
107 silly addNameRange     '2.0.7',
107 silly addNameRange     '2.0.8',
107 silly addNameRange     '2.0.9',
107 silly addNameRange     '2.1.0',
107 silly addNameRange     '2.2.0',
107 silly addNameRange     '2.2.1' ] ]
108 silly addNamed nan@2.2.1
109 verbose addNamed "2.2.1" is a plain semver version for nan
110 silly cache afterAdd nan@2.2.1
111 verbose afterAdd /Users/charlie_moder/.npm/nan/2.2.1/package/package.json not in flight; writing
112 verbose afterAdd /Users/charlie_moder/.npm/nan/2.2.1/package/package.json written
113 silly install resolved [ { name: 'nan',
113 silly install resolved     version: '2.2.1',
113 silly install resolved     description: 'Native Abstractions for Node.js: C++ header for Node 0.8 -> 4 compatibility',
113 silly install resolved     main: 'include_dirs.js',
113 silly install resolved     repository: { type: 'git', url: 'git://github.com/nodejs/nan.git' },
113 silly install resolved     scripts:
113 silly install resolved      { test: 'tap --gc test/js/*-test.js',
113 silly install resolved        'rebuild-tests': 'node-gyp rebuild --msvs_version=2013 --directory test',
113 silly install resolved        docs: 'doc/.build.sh' },
113 silly install resolved     contributors:
113 silly install resolved      [ [Object],
113 silly install resolved        [Object],
113 silly install resolved        [Object],
113 silly install resolved        [Object],
113 silly install resolved        [Object],
113 silly install resolved        [Object],
113 silly install resolved        [Object] ],
113 silly install resolved     devDependencies:
113 silly install resolved      { bindings: '~1.2.1',
113 silly install resolved        commander: '^2.8.1',
113 silly install resolved        glob: '^5.0.14',
113 silly install resolved        'node-gyp': '~3.0.1',
113 silly install resolved        tap: '~0.7.1',
113 silly install resolved        xtend: '~4.0.0' },
113 silly install resolved     license: 'MIT',
113 silly install resolved     bugs: { url: 'https://github.com/nodejs/nan/issues' },
113 silly install resolved     homepage: 'https://github.com/nodejs/nan#readme',
113 silly install resolved     _id: 'nan@2.2.1',
113 silly install resolved     _shasum: 'd68693f6b34bb41d66bc68b3a4f9defc79d7149b',
113 silly install resolved     _resolved: 'https://registry.npmjs.org/nan/-/nan-2.2.1.tgz',
113 silly install resolved     _from: 'nan@>=2.0.0',
113 silly install resolved     _npmVersion: '3.3.6',
113 silly install resolved     _nodeVersion: '5.0.0',
113 silly install resolved     _npmUser: { name: 'kkoopa', email: 'bbyholm@abo.fi' },
113 silly install resolved     dist:
113 silly install resolved      { shasum: 'd68693f6b34bb41d66bc68b3a4f9defc79d7149b',
113 silly install resolved        tarball: 'https://registry.npmjs.org/nan/-/nan-2.2.1.tgz' },
113 silly install resolved     maintainers: [ [Object], [Object] ],
113 silly install resolved     _npmOperationalInternal:
113 silly install resolved      { host: 'packages-12-west.internal.npmjs.com',
113 silly install resolved        tmp: 'tmp/nan-2.2.1.tgz_1459265439909_0.12396649201400578' },
113 silly install resolved     directories: {},
113 silly install resolved     readme: 'ERROR: No README data found!' } ]
114 info install nan@2.2.1 into /Users/charlie_moder/Documents/2016-Spring/cs132/SpyWords/node_modules/sleep
115 info installOne nan@2.2.1
116 verbose installOne of nan to /Users/charlie_moder/Documents/2016-Spring/cs132/SpyWords/node_modules/sleep not in flight; installing
117 verbose lock using /Users/charlie_moder/.npm/_locks/nan-2cc473a320c1783c.lock for /Users/charlie_moder/Documents/2016-Spring/cs132/SpyWords/node_modules/sleep/node_modules/nan
118 silly install write writing nan 2.2.1 to /Users/charlie_moder/Documents/2016-Spring/cs132/SpyWords/node_modules/sleep/node_modules/nan
119 verbose unbuild node_modules/sleep/node_modules/nan
120 silly gentlyRm /Users/charlie_moder/Documents/2016-Spring/cs132/SpyWords/node_modules/sleep/node_modules/nan is being purged from base /Users/charlie_moder/Documents/2016-Spring/cs132/SpyWords
121 verbose gentlyRm don't care about contents; nuking /Users/charlie_moder/Documents/2016-Spring/cs132/SpyWords/node_modules/sleep/node_modules/nan
122 verbose tar unpack /Users/charlie_moder/.npm/nan/2.2.1/package.tgz
123 verbose tar unpacking to /Users/charlie_moder/Documents/2016-Spring/cs132/SpyWords/node_modules/sleep/node_modules/nan
124 silly gentlyRm /Users/charlie_moder/Documents/2016-Spring/cs132/SpyWords/node_modules/sleep/node_modules/nan is being purged
125 verbose gentlyRm don't care about contents; nuking /Users/charlie_moder/Documents/2016-Spring/cs132/SpyWords/node_modules/sleep/node_modules/nan
126 silly gunzTarPerm modes [ '755', '644' ]
127 silly gunzTarPerm extractEntry package.json
128 silly gunzTarPerm modified mode [ 'package.json', 436, 420 ]
129 silly gunzTarPerm extractEntry include_dirs.js
130 silly gunzTarPerm modified mode [ 'include_dirs.js', 436, 420 ]
131 silly gunzTarPerm extractEntry nan_converters.h
132 silly gunzTarPerm modified mode [ 'nan_converters.h', 436, 420 ]
133 silly gunzTarPerm extractEntry LICENSE.md
134 silly gunzTarPerm modified mode [ 'LICENSE.md', 436, 420 ]
135 silly gunzTarPerm extractEntry .dntrc
136 silly gunzTarPerm modified mode [ '.dntrc', 436, 420 ]
137 silly gunzTarPerm extractEntry appveyor.yml
138 silly gunzTarPerm modified mode [ 'appveyor.yml', 436, 420 ]
139 silly gunzTarPerm extractEntry doc/new.md
140 silly gunzTarPerm modified mode [ 'doc/new.md', 436, 420 ]
141 silly gunzTarPerm extractEntry doc/.build.sh
142 silly gunzTarPerm modified mode [ 'doc/.build.sh', 509, 493 ]
143 silly gunzTarPerm extractEntry doc/buffers.md
144 silly gunzTarPerm modified mode [ 'doc/buffers.md', 436, 420 ]
145 silly gunzTarPerm extractEntry doc/callback.md
146 silly gunzTarPerm modified mode [ 'doc/callback.md', 436, 420 ]
147 silly gunzTarPerm extractEntry doc/converters.md
148 silly gunzTarPerm modified mode [ 'doc/converters.md', 436, 420 ]
149 silly gunzTarPerm extractEntry doc/errors.md
150 silly gunzTarPerm modified mode [ 'doc/errors.md', 436, 420 ]
151 silly gunzTarPerm extractEntry doc/maybe_types.md
152 silly gunzTarPerm modified mode [ 'doc/maybe_types.md', 436, 420 ]
153 silly gunzTarPerm extractEntry doc/methods.md
154 silly gunzTarPerm modified mode [ 'doc/methods.md', 436, 420 ]
155 silly gunzTarPerm extractEntry doc/asyncworker.md
156 silly gunzTarPerm modified mode [ 'doc/asyncworker.md', 436, 420 ]
157 silly gunzTarPerm extractEntry doc/node_misc.md
158 silly gunzTarPerm modified mode [ 'doc/node_misc.md', 436, 420 ]
159 silly gunzTarPerm extractEntry doc/object_wrappers.md
160 silly gunzTarPerm modified mode [ 'doc/object_wrappers.md', 436, 420 ]
161 silly gunzTarPerm extractEntry doc/persistent.md
162 silly gunzTarPerm modified mode [ 'doc/persistent.md', 436, 420 ]
163 silly gunzTarPerm extractEntry doc/scopes.md
164 silly gunzTarPerm modified mode [ 'doc/scopes.md', 436, 420 ]
165 silly gunzTarPerm extractEntry doc/script.md
166 silly gunzTarPerm modified mode [ 'doc/script.md', 436, 420 ]
167 silly gunzTarPerm extractEntry doc/string_bytes.md
168 silly gunzTarPerm modified mode [ 'doc/string_bytes.md', 436, 420 ]
169 silly gunzTarPerm extractEntry doc/v8_internals.md
170 silly gunzTarPerm modified mode [ 'doc/v8_internals.md', 436, 420 ]
171 silly gunzTarPerm extractEntry doc/v8_misc.md
172 silly gunzTarPerm modified mode [ 'doc/v8_misc.md', 436, 420 ]
173 silly gunzTarPerm extractEntry nan.h
174 silly gunzTarPerm modified mode [ 'nan.h', 436, 420 ]
175 silly gunzTarPerm extractEntry nan_callbacks.h
176 silly gunzTarPerm modified mode [ 'nan_callbacks.h', 436, 420 ]
177 silly gunzTarPerm extractEntry nan_callbacks_12_inl.h
178 silly gunzTarPerm modified mode [ 'nan_callbacks_12_inl.h', 436, 420 ]
179 silly gunzTarPerm extractEntry nan_callbacks_pre_12_inl.h
180 silly gunzTarPerm modified mode [ 'nan_callbacks_pre_12_inl.h', 436, 420 ]
181 silly gunzTarPerm extractEntry nan_converters_43_inl.h
182 silly gunzTarPerm modified mode [ 'nan_converters_43_inl.h', 436, 420 ]
183 silly gunzTarPerm extractEntry nan_converters_pre_43_inl.h
184 silly gunzTarPerm modified mode [ 'nan_converters_pre_43_inl.h', 436, 420 ]
185 silly gunzTarPerm extractEntry nan_implementation_12_inl.h
186 silly gunzTarPerm modified mode [ 'nan_implementation_12_inl.h', 436, 420 ]
187 silly gunzTarPerm extractEntry nan_implementation_pre_12_inl.h
188 silly gunzTarPerm modified mode [ 'nan_implementation_pre_12_inl.h', 436, 420 ]
189 silly gunzTarPerm extractEntry nan_maybe_43_inl.h
190 silly gunzTarPerm modified mode [ 'nan_maybe_43_inl.h', 436, 420 ]
191 silly gunzTarPerm extractEntry nan_maybe_pre_43_inl.h
192 silly gunzTarPerm modified mode [ 'nan_maybe_pre_43_inl.h', 436, 420 ]
193 silly gunzTarPerm extractEntry nan_new.h
194 silly gunzTarPerm modified mode [ 'nan_new.h', 436, 420 ]
195 silly gunzTarPerm extractEntry nan_object_wrap.h
196 silly gunzTarPerm modified mode [ 'nan_object_wrap.h', 436, 420 ]
197 silly gunzTarPerm extractEntry nan_persistent_12_inl.h
198 silly gunzTarPerm modified mode [ 'nan_persistent_12_inl.h', 436, 420 ]
199 silly gunzTarPerm extractEntry nan_persistent_pre_12_inl.h
200 silly gunzTarPerm modified mode [ 'nan_persistent_pre_12_inl.h', 436, 420 ]
201 silly gunzTarPerm extractEntry nan_string_bytes.h
202 silly gunzTarPerm modified mode [ 'nan_string_bytes.h', 436, 420 ]
203 silly gunzTarPerm extractEntry nan_typedarray_contents.h
204 silly gunzTarPerm modified mode [ 'nan_typedarray_contents.h', 436, 420 ]
205 silly gunzTarPerm extractEntry nan_weak.h
206 silly gunzTarPerm modified mode [ 'nan_weak.h', 436, 420 ]
207 silly gunzTarPerm extractEntry CHANGELOG.md
208 silly gunzTarPerm modified mode [ 'CHANGELOG.md', 436, 420 ]
209 silly gunzTarPerm extractEntry tools/package.json
210 silly gunzTarPerm modified mode [ 'tools/package.json', 436, 420 ]
211 silly gunzTarPerm extractEntry tools/README.md
212 silly gunzTarPerm modified mode [ 'tools/README.md', 436, 420 ]
213 silly gunzTarPerm extractEntry tools/1to2.js
214 silly gunzTarPerm modified mode [ 'tools/1to2.js', 509, 493 ]
215 verbose write writing to /Users/charlie_moder/Documents/2016-Spring/cs132/SpyWords/node_modules/sleep/node_modules/nan/package.json
216 info preinstall nan@2.2.1
217 verbose readDependencies loading dependencies from /Users/charlie_moder/Documents/2016-Spring/cs132/SpyWords/node_modules/sleep/node_modules/nan/package.json
218 verbose readDependencies loading dependencies from /Users/charlie_moder/Documents/2016-Spring/cs132/SpyWords/node_modules/sleep/node_modules/nan/package.json
219 silly install resolved []
220 verbose about to build /Users/charlie_moder/Documents/2016-Spring/cs132/SpyWords/node_modules/sleep/node_modules/nan
221 info build /Users/charlie_moder/Documents/2016-Spring/cs132/SpyWords/node_modules/sleep/node_modules/nan
222 info linkStuff nan@2.2.1
223 silly linkStuff nan@2.2.1 has /Users/charlie_moder/Documents/2016-Spring/cs132/SpyWords/node_modules/sleep/node_modules as its parent node_modules
224 verbose linkBins nan@2.2.1
225 verbose linkMans nan@2.2.1
226 verbose rebuildBundles nan@2.2.1
227 info install nan@2.2.1
228 info postinstall nan@2.2.1
229 verbose unlock done using /Users/charlie_moder/.npm/_locks/nan-2cc473a320c1783c.lock for /Users/charlie_moder/Documents/2016-Spring/cs132/SpyWords/node_modules/sleep/node_modules/nan
230 verbose about to build /Users/charlie_moder/Documents/2016-Spring/cs132/SpyWords/node_modules/sleep
231 info build /Users/charlie_moder/Documents/2016-Spring/cs132/SpyWords/node_modules/sleep
232 info linkStuff sleep@3.0.1
233 silly linkStuff sleep@3.0.1 has /Users/charlie_moder/Documents/2016-Spring/cs132/SpyWords/node_modules as its parent node_modules
234 verbose linkBins sleep@3.0.1
235 verbose linkMans sleep@3.0.1
236 verbose rebuildBundles sleep@3.0.1
237 verbose rebuildBundles [ 'nan' ]
238 info install sleep@3.0.1
239 verbose unsafe-perm in lifecycle true
240 info sleep@3.0.1 Failed to exec install script
241 verbose unlock done using /Users/charlie_moder/.npm/_locks/sleep-6871d3db931f15eb.lock for /Users/charlie_moder/Documents/2016-Spring/cs132/SpyWords/node_modules/sleep
242 verbose stack Error: sleep@3.0.1 install: `node-gyp rebuild`
242 verbose stack Exit status 1
242 verbose stack     at EventEmitter.<anonymous> (/usr/local/lib/node_modules/npm/lib/utils/lifecycle.js:214:16)
242 verbose stack     at emitTwo (events.js:87:13)
242 verbose stack     at EventEmitter.emit (events.js:172:7)
242 verbose stack     at ChildProcess.<anonymous> (/usr/local/lib/node_modules/npm/lib/utils/spawn.js:24:14)
242 verbose stack     at emitTwo (events.js:87:13)
242 verbose stack     at ChildProcess.emit (events.js:172:7)
242 verbose stack     at maybeClose (internal/child_process.js:821:16)
242 verbose stack     at Process.ChildProcess._handle.onexit (internal/child_process.js:211:5)
243 verbose pkgid sleep@3.0.1
244 verbose cwd /Users/charlie_moder/Documents/2016-Spring/cs132/SpyWords
245 error Darwin 15.2.0
246 error argv "/usr/local/bin/node" "/usr/local/bin/npm" "install" "sleep"
247 error node v4.3.1
248 error npm  v2.14.12
249 error code ELIFECYCLE
250 error sleep@3.0.1 install: `node-gyp rebuild`
250 error Exit status 1
251 error Failed at the sleep@3.0.1 install script 'node-gyp rebuild'.
251 error This is most likely a problem with the sleep package,
251 error not with npm itself.
251 error Tell the author that this fails on your system:
251 error     node-gyp rebuild
251 error You can get their info via:
251 error     npm owner ls sleep
251 error There is likely additional logging output above.
252 verbose exit [ 1, true ]
253 verbose unbuild node_modules/sleep
254 info preuninstall sleep@3.0.1
255 info uninstall sleep@3.0.1
256 verbose unbuild rmStuff sleep@3.0.1 from /Users/charlie_moder/Documents/2016-Spring/cs132/SpyWords/node_modules
257 info postuninstall sleep@3.0.1
258 silly gentlyRm /Users/charlie_moder/Documents/2016-Spring/cs132/SpyWords/node_modules/sleep is being purged from base /Users/charlie_moder/Documents/2016-Spring/cs132/SpyWords
259 verbose gentlyRm don't care about contents; nuking /Users/charlie_moder/Documents/2016-Spring/cs132/SpyWords/node_modules/sleep
260 silly vacuum-fs purging /Users/charlie_moder/Documents/2016-Spring/cs132/SpyWords/node_modules/sleep
261 silly vacuum-fs quitting because other entries in /Users/charlie_moder/Documents/2016-Spring/cs132/SpyWords/node_modules
